2025-04-29 17:43:22,612 - INFO - ホットペッパーデータコレクター初期化: 出力先 hotpepper_data
2025-04-29 17:43:22,613 - INFO - 全データ収集プロセス開始
2025-04-29 17:43:22,613 - INFO - 大エリア情報の取得開始
2025-04-29 17:43:22,733 - INFO - 大エリア情報を保存: hotpepper_data/areas/large_areas.json
2025-04-29 17:43:22,734 - INFO - 中エリア情報の取得開始
2025-04-29 17:43:22,872 - INFO - 中エリア情報を保存: hotpepper_data/areas/middle_areas.json
2025-04-29 17:43:22,872 - INFO - 小エリア情報の取得開始
2025-04-29 17:43:23,949 - INFO - 小エリア情報を保存: hotpepper_data/areas/small_areas.json
2025-04-29 17:43:23,949 - INFO - ジャンル情報の取得開始
2025-04-29 17:43:24,219 - INFO - ジャンル情報を保存: hotpepper_data/genres/genres.json
2025-04-29 17:43:24,219 - INFO - エリア Z011 の全店舗情報取得開始
2025-04-29 17:43:25,552 - INFO - エリア Z011 の総店舗数: 33292
2025-04-29 18:07:06,542 - INFO - エリア Z011 の全店舗情報を保存: hotpepper_data/shops/large_area_Z011_shops.json
2025-04-29 18:07:07,552 - INFO - エリア Z012 の全店舗情報取得開始
2025-04-29 18:07:08,932 - INFO - エリア Z012 の総店舗数: 9669
2025-04-29 18:10:04,779 - INFO - エリア Z012 の全店舗情報を保存: hotpepper_data/shops/large_area_Z012_shops.json
2025-04-29 18:10:05,823 - INFO - エリア Z013 の全店舗情報取得開始
2025-04-29 18:10:06,379 - INFO - エリア Z013 の総店舗数: 5242
2025-04-29 18:11:46,985 - INFO - エリア Z013 の全店舗情報を保存: hotpepper_data/shops/large_area_Z013_shops.json
2025-04-29 18:11:48,014 - INFO - エリア Z014 の全店舗情報取得開始
2025-04-29 18:11:48,774 - INFO - エリア Z014 の総店舗数: 5157
2025-04-29 18:13:11,765 - INFO - エリア Z014 の全店舗情報を保存: hotpepper_data/shops/large_area_Z014_shops.json
2025-04-29 18:13:12,792 - INFO - エリア Z015 の全店舗情報取得開始
2025-04-29 18:13:13,416 - INFO - エリア Z015 の総店舗数: 1047
2025-04-29 18:13:28,720 - INFO - エリア Z015 の全店舗情報を保存: hotpepper_data/shops/large_area_Z015_shops.json
2025-04-29 18:13:29,730 - INFO - エリア Z016 の全店舗情報取得開始
2025-04-29 18:13:30,567 - INFO - エリア Z016 の総店舗数: 1297
2025-04-29 18:13:46,302 - INFO - エリア Z016 の全店舗情報を保存: hotpepper_data/shops/large_area_Z016_shops.json
2025-04-29 18:13:47,307 - INFO - エリア Z017 の全店舗情報取得開始
2025-04-29 18:13:47,921 - INFO - エリア Z017 の総店舗数: 910
2025-04-29 18:14:02,547 - INFO - エリア Z017 の全店舗情報を保存: hotpepper_data/shops/large_area_Z017_shops.json
2025-04-29 18:14:03,559 - INFO - エリア Z021 の全店舗情報取得開始
2025-04-29 18:14:03,864 - INFO - エリア Z021 の総店舗数: 1094
2025-04-29 18:14:18,425 - INFO - エリア Z021 の全店舗情報を保存: hotpepper_data/shops/large_area_Z021_shops.json
2025-04-29 18:14:19,431 - INFO - エリア Z022 の全店舗情報取得開始
2025-04-29 18:14:20,612 - INFO - エリア Z022 の総店舗数: 4025
2025-04-29 18:15:18,829 - INFO - エリア Z022 の全店舗情報を保存: hotpepper_data/shops/large_area_Z022_shops.json
2025-04-29 18:15:19,836 - INFO - エリア Z023 の全店舗情報取得開始
2025-04-29 18:15:21,773 - INFO - エリア Z023 の総店舗数: 15787
2025-04-29 18:19:55,208 - INFO - エリア Z023 の全店舗情報を保存: hotpepper_data/shops/large_area_Z023_shops.json
2025-04-29 18:19:56,216 - INFO - エリア Z024 の全店舗情報取得開始
2025-04-29 18:19:56,991 - INFO - エリア Z024 の総店舗数: 6377
2025-04-29 18:21:28,003 - INFO - エリア Z024 の全店舗情報を保存: hotpepper_data/shops/large_area_Z024_shops.json
2025-04-29 18:21:29,030 - INFO - エリア Z025 の全店舗情報取得開始
2025-04-29 18:21:30,083 - INFO - エリア Z025 の総店舗数: 1076
2025-04-29 18:21:44,667 - INFO - エリア Z025 の全店舗情報を保存: hotpepper_data/shops/large_area_Z025_shops.json
2025-04-29 18:21:45,673 - INFO - エリア Z026 の全店舗情報取得開始
2025-04-29 18:21:46,425 - INFO - エリア Z026 の総店舗数: 359
2025-04-29 18:21:50,432 - INFO - エリア Z026 の全店舗情報を保存: hotpepper_data/shops/large_area_Z026_shops.json
2025-04-29 18:21:51,438 - INFO - エリア Z031 の全店舗情報取得開始
2025-04-29 18:21:52,393 - INFO - エリア Z031 の総店舗数: 1448
2025-04-29 18:22:12,324 - INFO - エリア Z031 の全店舗情報を保存: hotpepper_data/shops/large_area_Z031_shops.json
2025-04-29 18:22:13,330 - INFO - エリア Z032 の全店舗情報取得開始
2025-04-29 18:22:14,321 - INFO - エリア Z032 の総店舗数: 2521
2025-04-29 18:22:51,310 - INFO - エリア Z032 の全店舗情報を保存: hotpepper_data/shops/large_area_Z032_shops.json
2025-04-29 18:22:52,312 - INFO - エリア Z033 の全店舗情報取得開始
2025-04-29 18:22:53,168 - INFO - エリア Z033 の総店舗数: 8173
2025-04-29 18:25:04,462 - INFO - エリア Z033 の全店舗情報を保存: hotpepper_data/shops/large_area_Z033_shops.json
2025-04-29 18:25:05,471 - INFO - エリア Z034 の全店舗情報取得開始
2025-04-29 18:25:06,100 - INFO - エリア Z034 の総店舗数: 1206
2025-04-29 18:25:25,114 - INFO - エリア Z034 の全店舗情報を保存: hotpepper_data/shops/large_area_Z034_shops.json
2025-04-29 18:25:26,129 - INFO - エリア Z041 の全店舗情報取得開始
2025-04-29 18:25:27,081 - INFO - エリア Z041 の総店舗数: 5785
2025-04-29 18:26:55,573 - INFO - エリア Z041 の全店舗情報を保存: hotpepper_data/shops/large_area_Z041_shops.json
2025-04-29 18:26:56,581 - INFO - エリア Z051 の全店舗情報取得開始
2025-04-29 18:26:58,057 - INFO - エリア Z051 の総店舗数: 452
2025-04-29 18:27:03,204 - INFO - エリア Z051 の全店舗情報を保存: hotpepper_data/shops/large_area_Z051_shops.json
2025-04-29 18:27:04,211 - INFO - エリア Z052 の全店舗情報取得開始
2025-04-29 18:27:05,088 - INFO - エリア Z052 の総店舗数: 571
2025-04-29 18:27:11,918 - INFO - エリア Z052 の全店舗情報を保存: hotpepper_data/shops/large_area_Z052_shops.json
2025-04-29 18:27:12,924 - INFO - エリア Z053 の全店舗情報取得開始
2025-04-29 18:27:13,547 - INFO - エリア Z053 の総店舗数: 1527
2025-04-29 18:27:37,598 - INFO - エリア Z053 の全店舗情報を保存: hotpepper_data/shops/large_area_Z053_shops.json
2025-04-29 18:27:38,601 - INFO - エリア Z054 の全店舗情報取得開始
2025-04-29 18:27:39,111 - INFO - エリア Z054 の総店舗数: 327
2025-04-29 18:27:43,798 - INFO - エリア Z054 の全店舗情報を保存: hotpepper_data/shops/large_area_Z054_shops.json
2025-04-29 18:27:44,808 - INFO - エリア Z055 の全店舗情報取得開始
2025-04-29 18:27:47,620 - INFO - エリア Z055 の総店舗数: 459
2025-04-29 18:27:52,594 - INFO - エリア Z055 の全店舗情報を保存: hotpepper_data/shops/large_area_Z055_shops.json
2025-04-29 18:27:53,603 - INFO - エリア Z056 の全店舗情報取得開始
2025-04-29 18:27:54,901 - INFO - エリア Z056 の総店舗数: 755
2025-04-29 18:28:04,578 - INFO - エリア Z056 の全店舗情報を保存: hotpepper_data/shops/large_area_Z056_shops.json
2025-04-29 18:28:05,584 - INFO - エリア Z061 の全店舗情報取得開始
2025-04-29 18:28:06,140 - INFO - エリア Z061 の総店舗数: 1503
2025-04-29 18:28:32,485 - INFO - エリア Z061 の全店舗情報を保存: hotpepper_data/shops/large_area_Z061_shops.json
2025-04-29 18:28:33,491 - INFO - エリア Z062 の全店舗情報取得開始
2025-04-29 18:28:34,003 - INFO - エリア Z062 の総店舗数: 502
2025-04-29 18:28:40,576 - INFO - エリア Z062 の全店舗情報を保存: hotpepper_data/shops/large_area_Z062_shops.json
2025-04-29 18:28:41,584 - INFO - エリア Z063 の全店舗情報取得開始
2025-04-29 18:28:42,124 - INFO - エリア Z063 の総店舗数: 930
2025-04-29 18:28:56,636 - INFO - エリア Z063 の全店舗情報を保存: hotpepper_data/shops/large_area_Z063_shops.json
2025-04-29 18:28:57,642 - INFO - エリア Z064 の全店舗情報取得開始
2025-04-29 18:28:58,223 - INFO - エリア Z064 の総店舗数: 366
2025-04-29 18:29:01,990 - INFO - エリア Z064 の全店舗情報を保存: hotpepper_data/shops/large_area_Z064_shops.json
2025-04-29 18:29:02,995 - INFO - エリア Z065 の全店舗情報取得開始
2025-04-29 18:29:03,485 - INFO - エリア Z065 の総店舗数: 524
2025-04-29 18:29:09,629 - INFO - エリア Z065 の全店舗情報を保存: hotpepper_data/shops/large_area_Z065_shops.json
2025-04-29 18:29:10,635 - INFO - エリア Z066 の全店舗情報取得開始
2025-04-29 18:29:11,385 - INFO - エリア Z066 の総店舗数: 1274
2025-04-29 18:29:30,182 - INFO - エリア Z066 の全店舗情報を保存: hotpepper_data/shops/large_area_Z066_shops.json
2025-04-29 18:29:31,188 - INFO - エリア Z071 の全店舗情報取得開始
2025-04-29 18:29:32,110 - INFO - エリア Z071 の総店舗数: 255
2025-04-29 18:29:34,895 - INFO - エリア Z071 の全店舗情報を保存: hotpepper_data/shops/large_area_Z071_shops.json
2025-04-29 18:29:35,900 - INFO - エリア Z072 の全店舗情報取得開始
2025-04-29 18:29:36,207 - INFO - エリア Z072 の総店舗数: 309
2025-04-29 18:29:39,898 - INFO - エリア Z072 の全店舗情報を保存: hotpepper_data/shops/large_area_Z072_shops.json
2025-04-29 18:29:40,904 - INFO - エリア Z073 の全店舗情報取得開始
2025-04-29 18:29:41,492 - INFO - エリア Z073 の総店舗数: 1234
2025-04-29 18:29:59,524 - INFO - エリア Z073 の全店舗情報を保存: hotpepper_data/shops/large_area_Z073_shops.json
2025-04-29 18:30:00,529 - INFO - エリア Z074 の全店舗情報取得開始
2025-04-29 18:30:01,377 - INFO - エリア Z074 の総店舗数: 3094
2025-04-29 18:30:51,063 - INFO - エリア Z074 の全店舗情報を保存: hotpepper_data/shops/large_area_Z074_shops.json
2025-04-29 18:30:52,069 - INFO - エリア Z075 の全店舗情報取得開始
2025-04-29 18:30:52,677 - INFO - エリア Z075 の総店舗数: 589
2025-04-29 18:30:59,958 - INFO - エリア Z075 の全店舗情報を保存: hotpepper_data/shops/large_area_Z075_shops.json
2025-04-29 18:31:00,966 - INFO - エリア Z081 の全店舗情報取得開始
2025-04-29 18:31:01,622 - INFO - エリア Z081 の総店舗数: 456
2025-04-29 18:31:09,425 - INFO - エリア Z081 の全店舗情報を保存: hotpepper_data/shops/large_area_Z081_shops.json
2025-04-29 18:31:10,430 - INFO - エリア Z082 の全店舗情報取得開始
2025-04-29 18:31:11,333 - INFO - エリア Z082 の総店舗数: 691
2025-04-29 18:31:19,372 - INFO - エリア Z082 の全店舗情報を保存: hotpepper_data/shops/large_area_Z082_shops.json
2025-04-29 18:31:20,377 - INFO - エリア Z083 の全店舗情報取得開始
2025-04-29 18:31:20,978 - INFO - エリア Z083 の総店舗数: 835
2025-04-29 18:31:32,386 - INFO - エリア Z083 の全店舗情報を保存: hotpepper_data/shops/large_area_Z083_shops.json
2025-04-29 18:31:33,389 - INFO - エリア Z084 の全店舗情報取得開始
2025-04-29 18:31:34,315 - INFO - エリア Z084 の総店舗数: 404
2025-04-29 18:31:39,402 - INFO - エリア Z084 の全店舗情報を保存: hotpepper_data/shops/large_area_Z084_shops.json
2025-04-29 18:31:40,404 - INFO - エリア Z091 の全店舗情報取得開始
2025-04-29 18:31:40,970 - INFO - エリア Z091 の総店舗数: 6987
2025-04-29 18:33:43,121 - INFO - エリア Z091 の全店舗情報を保存: hotpepper_data/shops/large_area_Z091_shops.json
2025-04-29 18:33:44,129 - INFO - エリア Z092 の全店舗情報取得開始
2025-04-29 18:33:44,635 - INFO - エリア Z092 の総店舗数: 308
2025-04-29 18:33:48,218 - INFO - エリア Z092 の全店舗情報を保存: hotpepper_data/shops/large_area_Z092_shops.json
2025-04-29 18:33:49,223 - INFO - エリア Z093 の全店舗情報取得開始
2025-04-29 18:33:49,938 - INFO - エリア Z093 の総店舗数: 639
2025-04-29 18:33:58,161 - INFO - エリア Z093 の全店舗情報を保存: hotpepper_data/shops/large_area_Z093_shops.json
2025-04-29 18:33:59,168 - INFO - エリア Z094 の全店舗情報取得開始
2025-04-29 18:33:59,713 - INFO - エリア Z094 の総店舗数: 1164
2025-04-29 18:34:15,561 - INFO - エリア Z094 の全店舗情報を保存: hotpepper_data/shops/large_area_Z094_shops.json
2025-04-29 18:34:16,567 - INFO - エリア Z095 の全店舗情報取得開始
2025-04-29 18:34:17,221 - INFO - エリア Z095 の総店舗数: 842
2025-04-29 18:34:28,500 - INFO - エリア Z095 の全店舗情報を保存: hotpepper_data/shops/large_area_Z095_shops.json
2025-04-29 18:34:29,506 - INFO - エリア Z096 の全店舗情報取得開始
2025-04-29 18:34:30,110 - INFO - エリア Z096 の総店舗数: 610
2025-04-29 18:34:37,807 - INFO - エリア Z096 の全店舗情報を保存: hotpepper_data/shops/large_area_Z096_shops.json
2025-04-29 18:34:38,815 - INFO - エリア Z097 の全店舗情報取得開始
2025-04-29 18:34:39,397 - INFO - エリア Z097 の総店舗数: 1000
2025-04-29 18:34:52,621 - INFO - エリア Z097 の全店舗情報を保存: hotpepper_data/shops/large_area_Z097_shops.json
2025-04-29 18:34:53,633 - INFO - エリア Z098 の全店舗情報取得開始
2025-04-29 18:34:54,051 - INFO - エリア Z098 の総店舗数: 1696
2025-04-29 18:35:18,110 - INFO - エリア Z098 の全店舗情報を保存: hotpepper_data/shops/large_area_Z098_shops.json
2025-04-29 18:35:19,407 - INFO - ユニーク店舗数: 134768
2025-04-29 18:35:24,122 - INFO - 全データ収集完了
2025-05-01 12:27:16,568 - INFO - ホットペッパーデータコレクター初期化: 出力先 hotpepper_data
2025-05-01 12:27:16,569 - INFO - 全データ収集プロセス開始
2025-05-01 12:27:16,569 - INFO - 大エリア情報の取得開始
2025-05-01 12:27:16,773 - INFO - 大エリア情報を保存: hotpepper_data/areas/large_areas.json
2025-05-01 12:27:16,773 - INFO - 中エリア情報の取得開始
2025-05-01 12:27:16,896 - INFO - 中エリア情報を保存: hotpepper_data/areas/middle_areas.json
2025-05-01 12:27:16,896 - INFO - 小エリア情報の取得開始
2025-05-01 12:27:17,137 - INFO - 小エリア情報を保存: hotpepper_data/areas/small_areas.json
2025-05-01 12:27:17,137 - INFO - ジャンル情報の取得開始
2025-05-01 12:27:17,212 - INFO - ジャンル情報を保存: hotpepper_data/genres/genres.json
2025-05-01 12:27:17,212 - INFO - エリア Z011 の全店舗情報取得開始
2025-05-01 12:27:18,470 - INFO - エリア Z011 の総店舗数: 33287
2025-05-01 12:50:44,934 - INFO - エリア Z011 の全店舗情報を保存: hotpepper_data/shops/large_area_Z011_shops.json
2025-05-01 12:50:45,944 - INFO - エリア Z012 の全店舗情報取得開始
2025-05-01 12:50:46,499 - INFO - エリア Z012 の総店舗数: 9665
2025-05-01 15:03:23,730 - INFO - ホットペッパーデータコレクター初期化: 出力先 hotpepper_data
2025-05-01 15:03:23,730 - INFO - 全データ収集プロセス開始
2025-05-01 15:03:23,730 - INFO - 大エリア情報の取得開始
2025-05-01 15:03:23,848 - INFO - 大エリア情報を保存: hotpepper_data/areas/large_areas.json
2025-05-01 15:03:23,848 - INFO - 中エリア情報の取得開始
2025-05-01 15:03:24,001 - INFO - 中エリア情報を保存: hotpepper_data/areas/middle_areas.json
2025-05-01 15:03:24,002 - INFO - 小エリア情報の取得開始
2025-05-01 15:03:24,188 - INFO - 小エリア情報を保存: hotpepper_data/areas/small_areas.json
2025-05-01 15:03:24,188 - INFO - ジャンル情報の取得開始
2025-05-01 15:03:24,248 - INFO - ジャンル情報を保存: hotpepper_data/genres/genres.json
2025-05-01 15:03:24,248 - INFO - エリア Z011 の全店舗情報取得開始
2025-05-01 15:03:25,834 - INFO - エリア Z011 の総店舗数: 33271
2025-05-01 15:30:41,769 - INFO - エリア Z011 の全店舗情報を保存: hotpepper_data/shops/large_area_Z011_shops.json
2025-05-01 15:30:42,775 - INFO - エリア Z012 の全店舗情報取得開始
2025-05-01 15:30:43,195 - INFO - エリア Z012 の総店舗数: 9663
2025-05-01 15:33:07,672 - INFO - エリア Z012 の全店舗情報を保存: hotpepper_data/shops/large_area_Z012_shops.json
2025-05-01 15:33:08,680 - INFO - エリア Z013 の全店舗情報取得開始
2025-05-01 15:33:09,146 - INFO - エリア Z013 の総店舗数: 5236
2025-05-01 15:34:23,102 - INFO - エリア Z013 の全店舗情報を保存: hotpepper_data/shops/large_area_Z013_shops.json
2025-05-01 15:34:24,114 - INFO - エリア Z014 の全店舗情報取得開始
2025-05-01 15:34:24,869 - INFO - エリア Z014 の総店舗数: 5156
2025-05-01 15:35:38,139 - INFO - エリア Z014 の全店舗情報を保存: hotpepper_data/shops/large_area_Z014_shops.json
2025-05-01 15:35:39,145 - INFO - エリア Z015 の全店舗情報取得開始
2025-05-01 15:35:39,568 - INFO - エリア Z015 の総店舗数: 1046
2025-05-01 15:35:55,287 - INFO - エリア Z015 の全店舗情報を保存: hotpepper_data/shops/large_area_Z015_shops.json
2025-05-01 15:35:56,293 - INFO - エリア Z016 の全店舗情報取得開始
2025-05-01 15:35:56,725 - INFO - エリア Z016 の総店舗数: 1296
2025-05-01 15:36:12,939 - INFO - エリア Z016 の全店舗情報を保存: hotpepper_data/shops/large_area_Z016_shops.json
2025-05-01 15:36:13,944 - INFO - エリア Z017 の全店舗情報取得開始
2025-05-01 15:36:14,301 - INFO - エリア Z017 の総店舗数: 908
2025-05-01 15:36:26,610 - INFO - エリア Z017 の全店舗情報を保存: hotpepper_data/shops/large_area_Z017_shops.json
2025-05-01 15:36:27,611 - INFO - エリア Z021 の全店舗情報取得開始
2025-05-01 15:36:28,010 - INFO - エリア Z021 の総店舗数: 1094
2025-05-01 15:36:45,070 - INFO - エリア Z021 の全店舗情報を保存: hotpepper_data/shops/large_area_Z021_shops.json
2025-05-01 15:36:46,075 - INFO - エリア Z022 の全店舗情報取得開始
2025-05-01 15:36:46,537 - INFO - エリア Z022 の総店舗数: 4022
2025-05-01 15:37:39,893 - INFO - エリア Z022 の全店舗情報を保存: hotpepper_data/shops/large_area_Z022_shops.json
2025-05-01 15:37:40,898 - INFO - エリア Z023 の全店舗情報取得開始
2025-05-01 15:37:41,984 - INFO - エリア Z023 の総店舗数: 15778
2025-05-01 15:41:48,333 - INFO - エリア Z023 の全店舗情報を保存: hotpepper_data/shops/large_area_Z023_shops.json
2025-05-01 15:41:49,342 - INFO - エリア Z024 の全店舗情報取得開始
2025-05-01 15:41:49,863 - INFO - エリア Z024 の総店舗数: 6371
2025-05-01 15:43:22,774 - INFO - エリア Z024 の全店舗情報を保存: hotpepper_data/shops/large_area_Z024_shops.json
2025-05-01 15:43:23,782 - INFO - エリア Z025 の全店舗情報取得開始
2025-05-01 15:43:24,147 - INFO - エリア Z025 の総店舗数: 1075
2025-05-01 15:43:37,270 - INFO - エリア Z025 の全店舗情報を保存: hotpepper_data/shops/large_area_Z025_shops.json
2025-05-01 15:43:38,274 - INFO - エリア Z026 の全店舗情報取得開始
2025-05-01 15:43:38,507 - INFO - エリア Z026 の総店舗数: 358
2025-05-01 15:43:42,294 - INFO - エリア Z026 の全店舗情報を保存: hotpepper_data/shops/large_area_Z026_shops.json
2025-05-01 15:43:43,298 - INFO - エリア Z031 の全店舗情報取得開始
2025-05-01 15:43:43,733 - INFO - エリア Z031 の総店舗数: 1448
2025-05-01 15:44:02,124 - INFO - エリア Z031 の全店舗情報を保存: hotpepper_data/shops/large_area_Z031_shops.json
2025-05-01 15:44:03,129 - INFO - エリア Z032 の全店舗情報取得開始
2025-05-01 15:44:03,458 - INFO - エリア Z032 の総店舗数: 2521
2025-05-01 15:44:36,775 - INFO - エリア Z032 の全店舗情報を保存: hotpepper_data/shops/large_area_Z032_shops.json
2025-05-01 15:44:37,778 - INFO - エリア Z033 の全店舗情報取得開始
2025-05-01 15:44:38,157 - INFO - エリア Z033 の総店舗数: 8162
2025-05-01 15:46:39,930 - INFO - エリア Z033 の全店舗情報を保存: hotpepper_data/shops/large_area_Z033_shops.json
2025-05-01 15:46:40,934 - INFO - エリア Z034 の全店舗情報取得開始
2025-05-01 15:46:41,452 - INFO - エリア Z034 の総店舗数: 1206
2025-05-01 15:46:56,587 - INFO - エリア Z034 の全店舗情報を保存: hotpepper_data/shops/large_area_Z034_shops.json
2025-05-01 15:46:57,592 - INFO - エリア Z041 の全店舗情報取得開始
2025-05-01 15:46:58,646 - INFO - エリア Z041 の総店舗数: 5782
2025-05-01 15:48:31,336 - INFO - エリア Z041 の全店舗情報を保存: hotpepper_data/shops/large_area_Z041_shops.json
2025-05-01 15:48:32,343 - INFO - エリア Z051 の全店舗情報取得開始
2025-05-01 15:48:33,055 - INFO - エリア Z051 の総店舗数: 452
2025-05-01 15:48:41,379 - INFO - エリア Z051 の全店舗情報を保存: hotpepper_data/shops/large_area_Z051_shops.json
2025-05-01 15:48:42,385 - INFO - エリア Z052 の全店舗情報取得開始
2025-05-01 15:48:43,567 - INFO - エリア Z052 の総店舗数: 571
2025-05-01 15:48:50,667 - INFO - エリア Z052 の全店舗情報を保存: hotpepper_data/shops/large_area_Z052_shops.json
2025-05-01 15:48:51,672 - INFO - エリア Z053 の全店舗情報取得開始
2025-05-01 15:48:52,329 - INFO - エリア Z053 の総店舗数: 1527
2025-05-01 15:49:15,712 - INFO - エリア Z053 の全店舗情報を保存: hotpepper_data/shops/large_area_Z053_shops.json
2025-05-01 15:49:16,717 - INFO - エリア Z054 の全店舗情報取得開始
2025-05-01 15:49:17,022 - INFO - エリア Z054 の総店舗数: 327
2025-05-01 15:49:20,842 - INFO - エリア Z054 の全店舗情報を保存: hotpepper_data/shops/large_area_Z054_shops.json
2025-05-01 15:49:21,844 - INFO - エリア Z055 の全店舗情報取得開始
2025-05-01 15:49:22,555 - INFO - エリア Z055 の総店舗数: 459
2025-05-01 15:49:28,077 - INFO - エリア Z055 の全店舗情報を保存: hotpepper_data/shops/large_area_Z055_shops.json
2025-05-01 15:49:29,082 - INFO - エリア Z056 の全店舗情報取得開始
2025-05-01 15:49:29,881 - INFO - エリア Z056 の総店舗数: 755
2025-05-01 15:49:40,159 - INFO - エリア Z056 の全店舗情報を保存: hotpepper_data/shops/large_area_Z056_shops.json
2025-05-01 15:49:41,165 - INFO - エリア Z061 の全店舗情報取得開始
2025-05-01 15:49:41,888 - INFO - エリア Z061 の総店舗数: 1503
2025-05-01 15:50:06,844 - INFO - エリア Z061 の全店舗情報を保存: hotpepper_data/shops/large_area_Z061_shops.json
2025-05-01 15:50:07,849 - INFO - エリア Z062 の全店舗情報取得開始
2025-05-01 15:50:08,913 - INFO - エリア Z062 の総店舗数: 502
2025-05-01 15:50:15,311 - INFO - エリア Z062 の全店舗情報を保存: hotpepper_data/shops/large_area_Z062_shops.json
2025-05-01 15:50:16,316 - INFO - エリア Z063 の全店舗情報取得開始
2025-05-01 15:50:17,244 - INFO - エリア Z063 の総店舗数: 930
2025-05-01 15:50:31,452 - INFO - エリア Z063 の全店舗情報を保存: hotpepper_data/shops/large_area_Z063_shops.json
2025-05-01 15:50:32,458 - INFO - エリア Z064 の全店舗情報取得開始
2025-05-01 15:50:32,851 - INFO - エリア Z064 の総店舗数: 366
2025-05-01 15:50:36,994 - INFO - エリア Z064 の全店舗情報を保存: hotpepper_data/shops/large_area_Z064_shops.json
2025-05-01 15:50:38,000 - INFO - エリア Z065 の全店舗情報取得開始
2025-05-01 15:50:38,304 - INFO - エリア Z065 の総店舗数: 524
2025-05-01 15:50:44,313 - INFO - エリア Z065 の全店舗情報を保存: hotpepper_data/shops/large_area_Z065_shops.json
2025-05-01 15:50:45,319 - INFO - エリア Z066 の全店舗情報取得開始
2025-05-01 15:50:46,015 - INFO - エリア Z066 の総店舗数: 1273
2025-05-01 15:51:03,721 - INFO - エリア Z066 の全店舗情報を保存: hotpepper_data/shops/large_area_Z066_shops.json
2025-05-01 15:51:04,727 - INFO - エリア Z071 の全店舗情報取得開始
2025-05-01 15:51:05,492 - INFO - エリア Z071 の総店舗数: 255
2025-05-01 15:51:07,947 - INFO - エリア Z071 の全店舗情報を保存: hotpepper_data/shops/large_area_Z071_shops.json
2025-05-01 15:51:08,953 - INFO - エリア Z072 の全店舗情報取得開始
2025-05-01 15:51:09,219 - INFO - エリア Z072 の総店舗数: 309
2025-05-01 15:51:12,877 - INFO - エリア Z072 の全店舗情報を保存: hotpepper_data/shops/large_area_Z072_shops.json
2025-05-01 15:51:13,879 - INFO - エリア Z073 の全店舗情報取得開始
2025-05-01 15:51:14,546 - INFO - エリア Z073 の総店舗数: 1234
2025-05-01 15:51:32,956 - INFO - エリア Z073 の全店舗情報を保存: hotpepper_data/shops/large_area_Z073_shops.json
2025-05-01 15:51:33,961 - INFO - エリア Z074 の全店舗情報取得開始
2025-05-01 15:51:34,844 - INFO - エリア Z074 の総店舗数: 3093
2025-05-01 15:52:21,386 - INFO - エリア Z074 の全店舗情報を保存: hotpepper_data/shops/large_area_Z074_shops.json
2025-05-01 15:52:22,392 - INFO - エリア Z075 の全店舗情報取得開始
2025-05-01 15:52:23,384 - INFO - エリア Z075 の総店舗数: 589
2025-05-01 15:52:29,794 - INFO - エリア Z075 の全店舗情報を保存: hotpepper_data/shops/large_area_Z075_shops.json
2025-05-01 15:52:30,800 - INFO - エリア Z081 の全店舗情報取得開始
2025-05-01 15:52:31,802 - INFO - エリア Z081 の総店舗数: 455
2025-05-01 15:52:36,914 - INFO - エリア Z081 の全店舗情報を保存: hotpepper_data/shops/large_area_Z081_shops.json
2025-05-01 15:52:37,920 - INFO - エリア Z082 の全店舗情報取得開始
2025-05-01 15:52:38,804 - INFO - エリア Z082 の総店舗数: 691
2025-05-01 15:52:47,319 - INFO - エリア Z082 の全店舗情報を保存: hotpepper_data/shops/large_area_Z082_shops.json
2025-05-01 15:52:48,325 - INFO - エリア Z083 の全店舗情報取得開始
2025-05-01 15:52:49,306 - INFO - エリア Z083 の総店舗数: 833
2025-05-01 15:53:00,956 - INFO - エリア Z083 の全店舗情報を保存: hotpepper_data/shops/large_area_Z083_shops.json
2025-05-01 15:53:01,961 - INFO - エリア Z084 の全店舗情報取得開始
2025-05-01 15:53:02,525 - INFO - エリア Z084 の総店舗数: 402
2025-05-01 15:53:08,480 - INFO - エリア Z084 の全店舗情報を保存: hotpepper_data/shops/large_area_Z084_shops.json
2025-05-01 15:53:09,485 - INFO - エリア Z091 の全店舗情報取得開始
2025-05-01 15:53:10,394 - INFO - エリア Z091 の総店舗数: 6982
2025-05-01 15:54:48,648 - INFO - エリア Z091 の全店舗情報を保存: hotpepper_data/shops/large_area_Z091_shops.json
2025-05-01 15:54:49,650 - INFO - エリア Z092 の全店舗情報取得開始
2025-05-01 15:54:50,241 - INFO - エリア Z092 の総店舗数: 308
2025-05-01 15:54:53,925 - INFO - エリア Z092 の全店舗情報を保存: hotpepper_data/shops/large_area_Z092_shops.json
2025-05-01 15:54:54,926 - INFO - エリア Z093 の全店舗情報取得開始
2025-05-01 15:54:58,362 - INFO - エリア Z093 の総店舗数: 639
2025-05-01 15:55:07,083 - INFO - エリア Z093 の全店舗情報を保存: hotpepper_data/shops/large_area_Z093_shops.json
2025-05-01 15:55:08,089 - INFO - エリア Z094 の全店舗情報取得開始
2025-05-01 15:55:08,866 - INFO - エリア Z094 の総店舗数: 1164
2025-05-01 15:55:25,686 - INFO - エリア Z094 の全店舗情報を保存: hotpepper_data/shops/large_area_Z094_shops.json
2025-05-01 15:55:26,692 - INFO - エリア Z095 の全店舗情報取得開始
2025-05-01 15:55:27,299 - INFO - エリア Z095 の総店舗数: 842
2025-05-01 15:55:39,153 - INFO - エリア Z095 の全店舗情報を保存: hotpepper_data/shops/large_area_Z095_shops.json
2025-05-01 15:55:40,160 - INFO - エリア Z096 の全店舗情報取得開始
2025-05-01 15:55:40,576 - INFO - エリア Z096 の総店舗数: 610
2025-05-01 15:55:48,423 - INFO - エリア Z096 の全店舗情報を保存: hotpepper_data/shops/large_area_Z096_shops.json
2025-05-01 15:55:49,429 - INFO - エリア Z097 の全店舗情報取得開始
2025-05-01 15:55:49,804 - INFO - エリア Z097 の総店舗数: 999
2025-05-01 15:56:02,633 - INFO - エリア Z097 の全店舗情報を保存: hotpepper_data/shops/large_area_Z097_shops.json
2025-05-01 15:56:03,639 - INFO - エリア Z098 の全店舗情報取得開始
2025-05-01 15:56:04,639 - INFO - エリア Z098 の総店舗数: 1696
2025-05-01 15:56:28,065 - INFO - エリア Z098 の全店舗情報を保存: hotpepper_data/shops/large_area_Z098_shops.json
2025-05-01 15:56:29,348 - INFO - ユニーク店舗数: 134683
2025-05-01 15:56:33,566 - INFO - 全データ収集完了
